<?xml version="1.0" encoding="UTF-8"?>
<coverage generated="1721438934777" clover="3.2.0">
  <project timestamp="1721438934778" name="All files">
    <metrics statements="26" coveredstatements="5" conditionals="8" coveredconditionals="0" methods="9" coveredmethods="0" elements="43" coveredelements="5" complexity="0" loc="26" ncloc="26" packages="3" files="4" classes="4"/>
    <package name="components.showUser">
      <metrics statements="15" coveredstatements="1" conditionals="8" coveredconditionals="0" methods="3" coveredmethods="0"/>
      <file name="showUser.jsx" path="C:\Users\Administrator\Desktop\Alondra\Ubuntu\H202406_Ubuntu_02_front\ubuntu-frontend\src\components\showUser\showUser.jsx">
        <metrics statements="15" coveredstatements="1" conditionals="8" coveredconditionals="0" methods="3" coveredmethods="0"/>
        <line num="5" count="1" type="stmt"/>
        <line num="6" count="0" type="stmt"/>
        <line num="7" count="0" type="stmt"/>
        <line num="9" count="0" type="cond" truecount="0" falsecount="2"/>
        <line num="10" count="0" type="stmt"/>
        <line num="11" count="0" type="stmt"/>
        <line num="14" count="0" type="stmt"/>
        <line num="16" count="0" type="stmt"/>
        <line num="17" count="0" type="stmt"/>
        <line num="20" count="0" type="cond" truecount="0" falsecount="2"/>
        <line num="21" count="0" type="stmt"/>
        <line num="24" count="0" type="stmt"/>
        <line num="25" count="0" type="stmt"/>
        <line num="26" count="0" type="stmt"/>
        <line num="29" count="0" type="stmt"/>
      </file>
    </package>
    <package name="token.jwt">
      <metrics statements="6" coveredstatements="2" conditionals="0" coveredconditionals="0" methods="3" coveredmethods="0"/>
      <file name="useAuth.jsx" path="C:\Users\Administrator\Desktop\Alondra\Ubuntu\H202406_Ubuntu_02_front\ubuntu-frontend\src\token\jwt\useAuth.jsx">
        <metrics statements="6" coveredstatements="2" conditionals="0" coveredconditionals="0" methods="3" coveredmethods="0"/>
        <line num="4" count="1" type="stmt"/>
        <line num="7" count="0" type="stmt"/>
        <line num="8" count="0" type="stmt"/>
        <line num="10" count="0" type="stmt"/>
        <line num="13" count="1" type="stmt"/>
        <line num="14" count="0" type="stmt"/>
      </file>
    </package>
    <package name="token.test.mock">
      <metrics statements="5" coveredstatements="2" conditionals="0" coveredconditionals="0" methods="3" coveredmethods="0"/>
      <file name="mockAuth.jsx" path="C:\Users\Administrator\Desktop\Alondra\Ubuntu\H202406_Ubuntu_02_front\ubuntu-frontend\src\token\test\mock\mockAuth.jsx">
        <metrics statements="4" coveredstatements="1" conditionals="0" coveredconditionals="0" methods="3" coveredmethods="0"/>
        <line num="3" count="1" type="stmt"/>
        <line num="4" count="0" type="stmt"/>
        <line num="5" count="0" type="stmt"/>
        <line num="6" count="0" type="stmt"/>
      </file>
      <file name="mockUser.jsx" path="C:\Users\Administrator\Desktop\Alondra\Ubuntu\H202406_Ubuntu_02_front\ubuntu-frontend\src\token\test\mock\mockUser.jsx">
        <metrics statements="1" coveredstatements="1" conditionals="0" coveredconditionals="0" methods="0" coveredmethods="0"/>
        <line num="1" count="1" type="stmt"/>
      </file>
    </package>
  </project>
</coverage>
