{"C:\\Users\\Administrator\\Desktop\\Alondra\\Ubuntu\\H202406_Ubuntu_02_front\\ubuntu-frontend\\src\\components\\showUser\\showUser.jsx": {"path":"C:\\Users\\Administrator\\Desktop\\Alondra\\Ubuntu\\H202406_Ubuntu_02_front\\ubuntu-frontend\\src\\components\\showUser\\showUser.jsx","statementMap":{"0":{"start":{"line":5,"column":29},"end":{"line":86,"column":1}},"1":{"start":{"line":6,"column":52},"end":{"line":6,"column":67}},"2":{"start":{"line":7,"column":24},"end":{"line":7,"column":33}},"3":{"start":{"line":9,"column":4},"end":{"line":12,"column":5}},"4":{"start":{"line":10,"column":8},"end":{"line":10,"column":77}},"5":{"start":{"line":11,"column":8},"end":{"line":11,"column":20}},"6":{"start":{"line":14,"column":29},"end":{"line":14,"column":40}},"7":{"start":{"line":16,"column":36},"end":{"line":18,"column":5}},"8":{"start":{"line":17,"column":8},"end":{"line":17,"column":47}},"9":{"start":{"line":20,"column":4},"end":{"line":22,"column":5}},"10":{"start":{"line":21,"column":8},"end":{"line":21,"column":20}},"11":{"start":{"line":24,"column":25},"end":{"line":27,"column":5}},"12":{"start":{"line":25,"column":8},"end":{"line":25,"column":17}},"13":{"start":{"line":26,"column":8},"end":{"line":26,"column":35}},"14":{"start":{"line":29,"column":4},"end":{"line":85,"column":6}}},"fnMap":{"0":{"name":"(anonymous_0)","decl":{"start":{"line":5,"column":29},"end":{"line":5,"column":30}},"loc":{"start":{"line":5,"column":35},"end":{"line":86,"column":1}},"line":5},"1":{"name":"(anonymous_1)","decl":{"start":{"line":16,"column":36},"end":{"line":16,"column":37}},"loc":{"start":{"line":16,"column":42},"end":{"line":18,"column":5}},"line":16},"2":{"name":"(anonymous_2)","decl":{"start":{"line":24,"column":25},"end":{"line":24,"column":26}},"loc":{"start":{"line":24,"column":31},"end":{"line":27,"column":5}},"line":24}},"branchMap":{"0":{"loc":{"start":{"line":9,"column":4},"end":{"line":12,"column":5}},"type":"if","locations":[{"start":{"line":9,"column":4},"end":{"line":12,"column":5}},{"start":{},"end":{}}],"line":9},"1":{"loc":{"start":{"line":20,"column":4},"end":{"line":22,"column":5}},"type":"if","locations":[{"start":{"line":20,"column":4},"end":{"line":22,"column":5}},{"start":{},"end":{}}],"line":20},"2":{"loc":{"start":{"line":47,"column":22},"end":{"line":47,"column":49}},"type":"cond-expr","locations":[{"start":{"line":47,"column":29},"end":{"line":47,"column":42}},{"start":{"line":47,"column":45},"end":{"line":47,"column":49}}],"line":47},"3":{"loc":{"start":{"line":49,"column":17},"end":{"line":82,"column":17}},"type":"binary-expr","locations":[{"start":{"line":49,"column":17},"end":{"line":49,"column":33}},{"start":{"line":50,"column":20},"end":{"line":81,"column":26}}],"line":49}},"s":{"0":1,"1":0,"2":0,"3":0,"4":0,"5":0,"6":0,"7":0,"8":0,"9":0,"10":0,"11":0,"12":0,"13":0,"14":0},"f":{"0":0,"1":0,"2":0},"b":{"0":[0,0],"1":[0,0],"2":[0,0],"3":[0,0]},"_coverageSchema":"1a1c01bbd47fc00a2c39e90264f33305004495a9","hash":"556aafc6c75fdf0d9887c63bed4f1a75b4056ce3"}
,"C:\\Users\\Administrator\\Desktop\\Alondra\\Ubuntu\\H202406_Ubuntu_02_front\\ubuntu-frontend\\src\\token\\jwt\\useAuth.jsx": {"path":"C:\\Users\\Administrator\\Desktop\\Alondra\\Ubuntu\\H202406_Ubuntu_02_front\\ubuntu-frontend\\src\\token\\jwt\\useAuth.jsx","statementMap":{"0":{"start":{"line":4,"column":20},"end":{"line":11,"column":2}},"1":{"start":{"line":7,"column":21},"end":{"line":7,"column":52}},"2":{"start":{"line":8,"column":8},"end":{"line":8,"column":20}},"3":{"start":{"line":10,"column":18},"end":{"line":10,"column":43}},"4":{"start":{"line":13,"column":16},"end":{"line":15,"column":1}},"5":{"start":{"line":14,"column":4},"end":{"line":14,"column":35}}},"fnMap":{"0":{"name":"(anonymous_0)","decl":{"start":{"line":6,"column":11},"end":{"line":6,"column":12}},"loc":{"start":{"line":6,"column":31},"end":{"line":9,"column":5}},"line":6},"1":{"name":"(anonymous_1)","decl":{"start":{"line":10,"column":12},"end":{"line":10,"column":13}},"loc":{"start":{"line":10,"column":18},"end":{"line":10,"column":43}},"line":10},"2":{"name":"(anonymous_2)","decl":{"start":{"line":13,"column":16},"end":{"line":13,"column":17}},"loc":{"start":{"line":13,"column":22},"end":{"line":15,"column":1}},"line":13}},"branchMap":{},"s":{"0":1,"1":0,"2":0,"3":0,"4":1,"5":0},"f":{"0":0,"1":0,"2":0},"b":{},"_coverageSchema":"1a1c01bbd47fc00a2c39e90264f33305004495a9","hash":"8b0accb011269c667512cf30846212bc5e0e41ab"}
,"C:\\Users\\Administrator\\Desktop\\Alondra\\Ubuntu\\H202406_Ubuntu_02_front\\ubuntu-frontend\\src\\token\\test\\mock\\mockAuth.jsx": {"path":"C:\\Users\\Administrator\\Desktop\\Alondra\\Ubuntu\\H202406_Ubuntu_02_front\\ubuntu-frontend\\src\\token\\test\\mock\\mockAuth.jsx","statementMap":{"0":{"start":{"line":3,"column":25},"end":{"line":9,"column":1}},"1":{"start":{"line":4,"column":4},"end":{"line":8,"column":7}},"2":{"start":{"line":5,"column":8},"end":{"line":7,"column":17}},"3":{"start":{"line":6,"column":12},"end":{"line":6,"column":36}}},"fnMap":{"0":{"name":"(anonymous_0)","decl":{"start":{"line":3,"column":25},"end":{"line":3,"column":26}},"loc":{"start":{"line":3,"column":31},"end":{"line":9,"column":1}},"line":3},"1":{"name":"(anonymous_1)","decl":{"start":{"line":4,"column":23},"end":{"line":4,"column":24}},"loc":{"start":{"line":4,"column":36},"end":{"line":8,"column":5}},"line":4},"2":{"name":"(anonymous_2)","decl":{"start":{"line":5,"column":19},"end":{"line":5,"column":20}},"loc":{"start":{"line":5,"column":25},"end":{"line":7,"column":9}},"line":5}},"branchMap":{},"s":{"0":1,"1":0,"2":0,"3":0},"f":{"0":0,"1":0,"2":0},"b":{},"_coverageSchema":"1a1c01bbd47fc00a2c39e90264f33305004495a9","hash":"9b393006c91265d0d291abfc87c0745655eade26"}
,"C:\\Users\\Administrator\\Desktop\\Alondra\\Ubuntu\\H202406_Ubuntu_02_front\\ubuntu-frontend\\src\\token\\test\\mock\\mockUser.jsx": {"path":"C:\\Users\\Administrator\\Desktop\\Alondra\\Ubuntu\\H202406_Ubuntu_02_front\\ubuntu-frontend\\src\\token\\test\\mock\\mockUser.jsx","statementMap":{"0":{"start":{"line":1,"column":24},"end":{"line":13,"column":1}}},"fnMap":{},"branchMap":{},"s":{"0":1},"f":{},"b":{},"_coverageSchema":"1a1c01bbd47fc00a2c39e90264f33305004495a9","hash":"eb67b3a7bae60c5c8d8441a6471f8d6387760af6"}
}
